<?xml version="1.0" encoding="UTF-8"?>
<testsuite name="TestSuite" time="0" tests="1" errors="0" skipped="1" failures="0">
  <properties>
    <property name="java.runtime.name" value="OpenJDK Runtime Environment"/>
    <property name="sun.boot.library.path" value="C:\bqsa\java\jdk1.8.0_42-b03\jre\bin"/>
    <property name="java.vm.version" value="25.40-b25"/>
    <property name="java.vm.vendor" value="Oracle Corporation"/>
    <property name="maven.multiModuleProjectDirectory" value="C:\bqsa\workspace\webapplication"/>
    <property name="java.vendor.url" value="http://java.oracle.com/"/>
    <property name="path.separator" value=";"/>
    <property name="guice.disable.misplaced.annotation.check" value="true"/>
    <property name="java.vm.name" value="OpenJDK Client VM"/>
    <property name="file.encoding.pkg" value="sun.io"/>
    <property name="user.script" value=""/>
    <property name="user.country" value="US"/>
    <property name="sun.java.launcher" value="SUN_STANDARD"/>
    <property name="sun.os.patch.level" value=""/>
    <property name="java.vm.specification.name" value="Java Virtual Machine Specification"/>
    <property name="user.dir" value="C:\bqsa\workspace\webapplication"/>
    <property name="java.runtime.version" value="1.8.0_42-b03"/>
    <property name="java.awt.graphicsenv" value="sun.awt.Win32GraphicsEnvironment"/>
    <property name="basedir" value="C:\bqsa\workspace\webapplication"/>
    <property name="java.endorsed.dirs" value="C:\bqsa\java\jdk1.8.0_42-b03\jre\lib\endorsed"/>
    <property name="os.arch" value="x86"/>
    <property name="java.io.tmpdir" value="C:\Users\rmurug02\AppData\Local\Temp\"/>
    <property name="line.separator" value="&#10;"/>
    <property name="java.vm.specification.vendor" value="Oracle Corporation"/>
    <property name="user.variant" value=""/>
    <property name="os.name" value="Windows 8.1"/>
    <property name="classworlds.conf" value="C:\bqsa\workspace\.metadata\.plugins\org.eclipse.m2e.launching\launches\m2conf5542122562099732023.tmp"/>
    <property name="jansi.force" value="true"/>
    <property name="sun.jnu.encoding" value="Cp1252"/>
    <property name="testng_xml" value="testng.xml"/>
    <property name="java.library.path" value="C:\bqsa\java\jdk1.8.0_42-b03\bin;C:\WINDOWS\Sun\Java\bin;C:\WINDOWS\system32;C:\WINDOWS;C:\bqsa\java\jdk1.8.0_42-b03\jre\bin;C:/bqsa/java/java-11-openjdk-win/bin/server;C:/bqsa/java/java-11-openjdk-win/bin;C:\Oracle\product\12.2.0\client_1\bin;c:\Informatica\10.4.0\clients\tools\datadirect;C:\Program Files\Micro Focus\NV\lib\shunra\vcat;C:\Program Files (x86)\Common Files\Oracle\Java\javapath;c:\Informatica\10.4.0\clients\tools\odbcdrv;c:\Informatica\10.4.0\clients\tools\jdbcdrv;c:\Informatica\10.4.0\clients\tools\sharedlibs;C:\Oracle\product\11.2.0\client_1\bin;C:\Program Files (x86)\Teradata\Client\13.10\ODBC Driver for Teradata\Lib\;c:\Informatica\9.1.0\DataTransformation\bin;c:\Informatica\9.1.0\clients\tools\datadirect;c:\Informatica\9.1.0\clients\DeveloperClient\bin;c:\Informatica\9.1.0\clients\java\jre\bin\server;c:\Informatica\9.6.1\clients\tools\datadirect;c:\Informatica\9.6.1\clients\tools\odbcdrv;c:\Informatica\9.6.1\clients\tools\jdbcdrv;c:\Informatica\10.2.0\clients\tools\datadirect;c:\Informatica\10.2.0\clients\tools\odbcdrv;c:\Informatica\10.2.0\clients\tools\jdbcdrv;c:\Informatica\10.2.0\clients\tools\sharedlibs;C:\WINDOWS\system32;C:\WINDOWS;C:\WINDOWS\System32\Wbem;C:\WINDOWS\System32\WindowsPowerShell\v1.0\;C:\WINDOWS\System32\OpenSSH\;C:\Program Files (x86)\Webex\Webex\Applications;C:\Program Files\jEdit;C:\Program Files\glassfish4\bin;C:\PROGRA~2\Groovy\GROOVY~1.16\bin;C:\Program Files (x86)\PuTTY\;C:\Program Files\TortoiseSVN\bin;C:\Program Files (x86)\Enterprise Vault\EVClient\;C:\Program Files (x86)\Microsoft SQL Server\Client SDK\ODBC\130\Tools\Binn\;C:\Program Files (x86)\Microsoft SQL Server\130\Tools\Binn\;C:\Program Files (x86)\Microsoft SQL Server\130\DTS\Binn\;C:\Program Files (x86)\Microsoft SQL Server\130\Tools\Binn\ManagementStudio\;C:\Program Files (x86)\Windows Kits\10\Microsoft Application Virtualization\Sequencer\;C:\Program Files (x86)\Windows Kits\10\Windows Performance Toolkit\;C:\Program Files (x86)\HP\Virtual User Generator\strawberry-perl\perl\bin;C:\Program Files (x86)\HP\Unified Functional Testing\bin;C:\Program Files (x86)\Webex\Plugins;C:\Program Files\Git\cmd;C:\Program Files\nodejs\;C:\Program Files\SASHome2\x86\Secure\ccme4;C:\Program Files\SASHome2\Secure\ccme4;C:\Program Files\Citrix\System32\;C:\Program Files\Citrix\ICAService\;C:\Program Files\RedHat\java-11-openjdk-11.0.12-1\bin;C:\Program Files\Microsoft VS Code\bin;C:\Users\rmurug02\AppData\Local\Microsoft\WindowsApps;;C:\bqsa\eclipse;;C:\Program Files (x86)\HP\Unified Functional Testing\\bin64;."/>
    <property name="surefire.test.class.path" value="C:\bqsa\workspace\webapplication\target\test-classes;C:\bqsa\workspace\webapplication\target\classes;C:\bqsa\.m2\repository\junit\junit\3.8.1\junit-3.8.1.jar;C:\bqsa\.m2\repository\com\bsc\qa\bqsa-web-core\0.0.38-SNAPSHOT\bqsa-web-core-0.0.38-SNAPSHOT.jar;C:\bqsa\.m2\repository\com\microsoft\edge\msedge-selenium-tools-java\3.141.0\msedge-selenium-tools-java-3.141.0.jar;C:\bqsa\.m2\repository\org\seleniumhq\selenium\selenium-api\3.141.59\selenium-api-3.141.59.jar;C:\bqsa\.m2\repository\net\bytebuddy\byte-buddy\1.8.15\byte-buddy-1.8.15.jar;C:\bqsa\.m2\repository\org\apache\commons\commons-exec\1.3\commons-exec-1.3.jar;C:\bqsa\.m2\repository\com\google\guava\guava\25.0-jre\guava-25.0-jre.jar;C:\bqsa\.m2\repository\com\google\code\findbugs\jsr305\1.3.9\jsr305-1.3.9.jar;C:\bqsa\.m2\repository\org\checkerframework\checker-compat-qual\2.0.0\checker-compat-qual-2.0.0.jar;C:\bqsa\.m2\repository\com\google\errorprone\error_prone_annotations\2.1.3\error_prone_annotations-2.1.3.jar;C:\bqsa\.m2\repository\com\google\j2objc\j2objc-annotations\1.1\j2objc-annotations-1.1.jar;C:\bqsa\.m2\repository\org\codehaus\mojo\animal-sniffer-annotations\1.14\animal-sniffer-annotations-1.14.jar;C:\bqsa\.m2\repository\com\squareup\okhttp3\okhttp\3.11.0\okhttp-3.11.0.jar;C:\bqsa\.m2\repository\com\squareup\okio\okio\1.14.0\okio-1.14.0.jar;C:\bqsa\.m2\repository\com\google\code\gson\gson\2.8.6\gson-2.8.6.jar;C:\bqsa\.m2\repository\org\mongodb\mongodb-driver-sync\4.0.5\mongodb-driver-sync-4.0.5.jar;C:\bqsa\.m2\repository\org\mongodb\bson\4.0.5\bson-4.0.5.jar;C:\bqsa\.m2\repository\org\mongodb\mongodb-driver-core\4.0.5\mongodb-driver-core-4.0.5.jar;C:\bqsa\.m2\repository\com\saucelabs\sauce_testng\2.1.25\sauce_testng-2.1.25.jar;C:\bqsa\.m2\repository\com\saucelabs\sauce_java_common\2.1.25\sauce_java_common-2.1.25.jar;C:\bqsa\.m2\repository\com\googlecode\json-simple\json-simple\1.1.1\json-simple-1.1.1.jar;C:\bqsa\.m2\repository\com\saucelabs\saucerest\1.0.32\saucerest-1.0.32.jar;C:\bqsa\.m2\repository\commons-lang\commons-lang\2.6\commons-lang-2.6.jar;C:\bqsa\.m2\repository\com\saucelabs\sauce_bindings\1.0.1\sauce_bindings-1.0.1.jar;C:\bqsa\.m2\repository\org\projectlombok\lombok\1.18.10\lombok-1.18.10.jar;C:\bqsa\.m2\repository\io\github\bonigarcia\webdrivermanager\3.8.1\webdrivermanager-3.8.1.jar;C:\bqsa\.m2\repository\commons-io\commons-io\2.6\commons-io-2.6.jar;C:\bqsa\.m2\repository\org\apache\commons\commons-lang3\3.8.1\commons-lang3-3.8.1.jar;C:\bqsa\.m2\repository\org\rauschig\jarchivelib\1.0.0\jarchivelib-1.0.0.jar;C:\bqsa\.m2\repository\org\apache\commons\commons-compress\1.18\commons-compress-1.18.jar;C:\bqsa\.m2\repository\org\seleniumhq\selenium\selenium-java\3.141.59\selenium-java-3.141.59.jar;C:\bqsa\.m2\repository\org\seleniumhq\selenium\selenium-chrome-driver\3.141.59\selenium-chrome-driver-3.141.59.jar;C:\bqsa\.m2\repository\org\seleniumhq\selenium\selenium-edge-driver\3.141.59\selenium-edge-driver-3.141.59.jar;C:\bqsa\.m2\repository\org\seleniumhq\selenium\selenium-firefox-driver\3.141.59\selenium-firefox-driver-3.141.59.jar;C:\bqsa\.m2\repository\org\seleniumhq\selenium\selenium-ie-driver\3.141.59\selenium-ie-driver-3.141.59.jar;C:\bqsa\.m2\repository\org\seleniumhq\selenium\selenium-opera-driver\3.141.59\selenium-opera-driver-3.141.59.jar;C:\bqsa\.m2\repository\org\seleniumhq\selenium\selenium-safari-driver\3.141.59\selenium-safari-driver-3.141.59.jar;C:\bqsa\.m2\repository\org\seleniumhq\selenium\selenium-support\3.141.59\selenium-support-3.141.59.jar;C:\bqsa\.m2\repository\org\seleniumhq\selenium\selenium-remote-driver\3.141.59\selenium-remote-driver-3.141.59.jar;C:\bqsa\.m2\repository\com\paulhammant\ngwebdriver\1.1.5\ngwebdriver-1.1.5.jar;C:\bqsa\.m2\repository\commons-dbutils\commons-dbutils\1.7\commons-dbutils-1.7.jar;C:\bqsa\.m2\repository\org\apache\maven\maven-model\3.0.2\maven-model-3.0.2.jar;C:\bqsa\.m2\repository\org\codehaus\plexus\plexus-utils\2.0.4\plexus-utils-2.0.4.jar;C:\bqsa\.m2\repository\com\beust\jcommander\1.78\jcommander-1.78.jar;C:\bqsa\.m2\repository\com\bsc\qa\bqsa-ldap-utils\0.0.1-SNAPSHOT\bqsa-ldap-utils-0.0.1-SNAPSHOT.jar;C:\bqsa\.m2\repository\io\cucumber\cucumber-testng\7.0.0\cucumber-testng-7.0.0.jar;C:\bqsa\.m2\repository\org\apiguardian\apiguardian-api\1.1.2\apiguardian-api-1.1.2.jar;C:\bqsa\.m2\repository\io\cucumber\cucumber-core\7.0.0\cucumber-core-7.0.0.jar;C:\bqsa\.m2\repository\io\cucumber\cucumber-gherkin\7.0.0\cucumber-gherkin-7.0.0.jar;C:\bqsa\.m2\repository\io\cucumber\cucumber-gherkin-messages\7.0.0\cucumber-gherkin-messages-7.0.0.jar;C:\bqsa\.m2\repository\io\cucumber\messages\17.1.1\messages-17.1.1.jar;C:\bqsa\.m2\repository\io\cucumber\tag-expressions\4.0.2\tag-expressions-4.0.2.jar;C:\bqsa\.m2\repository\io\cucumber\cucumber-expressions\13.0.1\cucumber-expressions-13.0.1.jar;C:\bqsa\.m2\repository\io\cucumber\datatable\7.0.0\datatable-7.0.0.jar;C:\bqsa\.m2\repository\io\cucumber\cucumber-plugin\7.0.0\cucumber-plugin-7.0.0.jar;C:\bqsa\.m2\repository\io\cucumber\docstring\7.0.0\docstring-7.0.0.jar;C:\bqsa\.m2\repository\io\cucumber\html-formatter\17.0.0\html-formatter-17.0.0.jar;C:\bqsa\.m2\repository\io\cucumber\create-meta\6.0.1\create-meta-6.0.1.jar;C:\bqsa\.m2\repository\io\cucumber\cucumber-java\7.0.0\cucumber-java-7.0.0.jar;C:\bqsa\.m2\repository\org\assertj\assertj-core\3.11.0\assertj-core-3.11.0.jar;C:\bqsa\.m2\repository\org\apache\pdfbox\pdfbox\2.0.9\pdfbox-2.0.9.jar;C:\bqsa\.m2\repository\org\apache\pdfbox\fontbox\2.0.9\fontbox-2.0.9.jar;C:\bqsa\.m2\repository\commons-logging\commons-logging\1.2\commons-logging-1.2.jar;C:\bqsa\.m2\repository\org\testng\testng\6.9.14-SNAPSHOT\testng-6.9.14-SNAPSHOT.jar;C:\bqsa\.m2\repository\org\apache\poi\poi-ooxml\3.9\poi-ooxml-3.9.jar;C:\bqsa\.m2\repository\org\apache\poi\poi\3.9\poi-3.9.jar;C:\bqsa\.m2\repository\commons-codec\commons-codec\1.5\commons-codec-1.5.jar;C:\bqsa\.m2\repository\org\apache\poi\poi-ooxml-schemas\3.9\poi-ooxml-schemas-3.9.jar;C:\bqsa\.m2\repository\org\apache\xmlbeans\xmlbeans\2.3.0\xmlbeans-2.3.0.jar;C:\bqsa\.m2\repository\stax\stax-api\1.0.1\stax-api-1.0.1.jar;C:\bqsa\.m2\repository\dom4j\dom4j\1.6.1\dom4j-1.6.1.jar;C:\bqsa\.m2\repository\com\relevantcodes\extentreports\2.41.2\extentreports-2.41.2.jar;C:\bqsa\.m2\repository\org\jsoup\jsoup\1.8.3\jsoup-1.8.3.jar;C:\bqsa\.m2\repository\org\xerial\sqlite-jdbc\3.8.11.1\sqlite-jdbc-3.8.11.1.jar;C:\bqsa\.m2\repository\org\freemarker\freemarker\2.3.23\freemarker-2.3.23.jar;C:\bqsa\.m2\repository\org\mongodb\mongodb-driver\3.0.4\mongodb-driver-3.0.4.jar;C:\bqsa\.m2\repository\au\com\bytecode\opencsv\2.4\opencsv-2.4.jar;C:\bqsa\.m2\repository\net\sf\ehcache\ehcache\2.9.0\ehcache-2.9.0.jar;C:\bqsa\.m2\repository\org\slf4j\slf4j-api\1.7.7\slf4j-api-1.7.7.jar;C:\bqsa\.m2\repository\org\slf4j\slf4j-simple\1.7.25\slf4j-simple-1.7.25.jar;C:\bqsa\.m2\repository\com\oracle\ojdbc6\12.1.0.1-atlassian-hosted\ojdbc6-12.1.0.1-atlassian-hosted.jar;C:\bqsa\.m2\repository\com\microsoft\sqlserver\sqljdbc4\4.0\sqljdbc4-4.0.jar;C:\bqsa\.m2\repository\org\json\json\20180130\json-20180130.jar;C:\bqsa\.m2\repository\io\rest-assured\rest-assured\3.0.2\rest-assured-3.0.2.jar;C:\bqsa\.m2\repository\org\codehaus\groovy\groovy\2.4.6\groovy-2.4.6.jar;C:\bqsa\.m2\repository\org\codehaus\groovy\groovy-xml\2.4.6\groovy-xml-2.4.6.jar;C:\bqsa\.m2\repository\org\apache\httpcomponents\httpclient\4.5.2\httpclient-4.5.2.jar;C:\bqsa\.m2\repository\org\apache\httpcomponents\httpcore\4.4.4\httpcore-4.4.4.jar;C:\bqsa\.m2\repository\org\apache\httpcomponents\httpmime\4.5.1\httpmime-4.5.1.jar;C:\bqsa\.m2\repository\org\hamcrest\hamcrest-core\1.3\hamcrest-core-1.3.jar;C:\bqsa\.m2\repository\org\hamcrest\hamcrest-library\1.3\hamcrest-library-1.3.jar;C:\bqsa\.m2\repository\org\ccil\cowan\tagsoup\tagsoup\1.2.1\tagsoup-1.2.1.jar;C:\bqsa\.m2\repository\io\rest-assured\json-path\3.0.2\json-path-3.0.2.jar;C:\bqsa\.m2\repository\org\codehaus\groovy\groovy-json\2.4.6\groovy-json-2.4.6.jar;C:\bqsa\.m2\repository\io\rest-assured\rest-assured-common\3.0.2\rest-assured-common-3.0.2.jar;C:\bqsa\.m2\repository\io\rest-assured\xml-path\3.0.2\xml-path-3.0.2.jar;C:\bqsa\.m2\repository\org\apache\maven\surefire\surefire-testng-utils\2.14.1\surefire-testng-utils-2.14.1.jar;C:\bqsa\.m2\repository\org\apache\maven\surefire\surefire-grouper\2.14.1\surefire-grouper-2.14.1.jar;"/>
    <property name="jansi.passthrough" value="true"/>
    <property name="java.specification.name" value="Java Platform API Specification"/>
    <property name="java.class.version" value="52.0"/>
    <property name="sun.management.compiler" value="HotSpot Client Compiler"/>
    <property name="os.version" value="6.3"/>
    <property name="user.home" value="C:\Users\rmurug02"/>
    <property name="user.timezone" value="Asia/Calcutta"/>
    <property name="java.awt.printerjob" value="sun.awt.windows.WPrinterJob"/>
    <property name="java.specification.version" value="1.8"/>
    <property name="file.encoding" value="Cp1252"/>
    <property name="user.name" value="rmurug02"/>
    <property name="java.class.path" value="C:\bqsa\apache-maven-3.5.4\boot\plexus-classworlds-2.5.2.jar;C:\bqsa\eclipse\configuration\org.eclipse.osgi\245\0\.cp\lib\javaagent-shaded.jar"/>
    <property name="java.vm.specification.version" value="1.8"/>
    <property name="sun.arch.data.model" value="32"/>
    <property name="java.home" value="C:\bqsa\java\jdk1.8.0_42-b03\jre"/>
    <property name="sun.java.command" value="org.codehaus.plexus.classworlds.launcher.Launcher -B -s C:\bqsa\apache-maven-3.5.4\conf\settings.xml test -Dtestng_xml=testng.xml -Dstyle.color=always"/>
    <property name="java.specification.vendor" value="Oracle Corporation"/>
    <property name="user.language" value="en"/>
    <property name="awt.toolkit" value="sun.awt.windows.WToolkit"/>
    <property name="java.vm.info" value="mixed mode"/>
    <property name="java.version" value="1.8.0_42"/>
    <property name="java.ext.dirs" value="C:\bqsa\java\jdk1.8.0_42-b03\jre\lib\ext;C:\WINDOWS\Sun\Java\lib\ext"/>
    <property name="sun.boot.class.path" value="C:\bqsa\java\jdk1.8.0_42-b03\jre\lib\resources.jar;C:\bqsa\java\jdk1.8.0_42-b03\jre\lib\rt.jar;C:\bqsa\java\jdk1.8.0_42-b03\jre\lib\sunrsasign.jar;C:\bqsa\java\jdk1.8.0_42-b03\jre\lib\jsse.jar;C:\bqsa\java\jdk1.8.0_42-b03\jre\lib\jce.jar;C:\bqsa\java\jdk1.8.0_42-b03\jre\lib\charsets.jar;C:\bqsa\java\jdk1.8.0_42-b03\jre\lib\jfr.jar;C:\bqsa\java\jdk1.8.0_42-b03\jre\classes;C:\Program Files (x86)\HP\Unified Functional Testing\bin\java_shared\classes\jasmine.jar"/>
    <property name="java.vendor" value="Oracle Corporation"/>
    <property name="java.specification.maintenance.version" value="4"/>
    <property name="maven.home" value="C:\bqsa\apache-maven-3.5.4"/>
    <property name="style.color" value="always"/>
    <property name="localRepository" value="C:\bqsa\.m2\repository"/>
    <property name="file.separator" value="\"/>
    <property name="java.vendor.url.bug" value="http://bugreport.sun.com/bugreport/"/>
    <property name="sun.cpu.endian" value="little"/>
    <property name="sun.io.unicode.encoding" value="UnicodeLittle"/>
    <property name="sun.desktop" value="windows"/>
    <property name="sun.cpu.isalist" value="pentium_pro+mmx pentium_pro pentium+mmx pentium i486 i386 i86"/>
  </properties>
  <testcase name="testCitrixResetPasswordLink" classname="com.qa.test.webapplication.tests.CitrixResetPasswordURLTest" time="0">
    <skipped/>
    <system-err>[Error] java.lang.NullPointerException
	at com.qa.test.webapplication.tests.CitrixResetPasswordURLTest.getData(CitrixResetPasswordURLTest.java:34)
	at sun.reflect.NativeMethodAccessorImpl.invoke0(Native Method)
	at sun.reflect.NativeMethodAccessorImpl.invoke(NativeMethodAccessorImpl.java:62)
	at sun.reflect.DelegatingMethodAccessorImpl.invoke(DelegatingMethodAccessorImpl.java:43)
	at java.lang.reflect.Method.invoke(Method.java:497)
	at org.testng.internal.MethodInvocationHelper.invokeMethod(MethodInvocationHelper.java:104)
	at org.testng.internal.MethodInvocationHelper.invokeMethod(MethodInvocationHelper.java:55)
	at org.testng.internal.MethodInvocationHelper.invokeMethodNoCheckedException(MethodInvocationHelper.java:45)
	at org.testng.internal.MethodInvocationHelper.invokeDataProvider(MethodInvocationHelper.java:111)
	at org.testng.internal.Parameters.handleParameters(Parameters.java:509)
	at org.testng.internal.Invoker.handleParameters(Invoker.java:1293)
	at org.testng.internal.Invoker.createParameters(Invoker.java:1020)
	at org.testng.internal.Invoker.invokeTestMethods(Invoker.java:1110)
	at org.testng.internal.TestMethodWorker.invokeTestMethods(TestMethodWorker.java:129)
	at org.testng.internal.TestMethodWorker.run(TestMethodWorker.java:112)
	at org.testng.TestRunner.privateRun(TestRunner.java:756)
	at org.testng.TestRunner.run(TestRunner.java:610)
	at org.testng.SuiteRunner.runTest(SuiteRunner.java:387)
	at org.testng.SuiteRunner.access$000(SuiteRunner.java:39)
	at org.testng.SuiteRunner$SuiteWorker.run(SuiteRunner.java:421)
	at org.testng.internal.thread.ThreadUtil$2.call(ThreadUtil.java:64)
	at java.util.concurrent.FutureTask.run(FutureTask.java:266)
	at java.util.concurrent.ThreadPoolExecutor.runWorker(ThreadPoolExecutor.java:1142)
	at java.util.concurrent.ThreadPoolExecutor$Worker.run(ThreadPoolExecutor.java:617)
	at java.lang.Thread.run(Thread.java:745)

</system-err>
  </testcase>
</testsuite>