<?xml version="1.0" encoding="UTF-8"?>
<!-- Generated by org.testng.reporters.JUnitReportReporter -->
<testsuite name="com.qa.test.webapplication.tests.CitrixResetPasswordURLTest" tests="1" time="0.000" ignored="0" failures="0" timestamp="04 Aug 2023 05:47:55 GMT" skipped="1" hostname="sacvd31331" errors="0">
  <testcase name="testCitrixResetPasswordLink" time="0.000" classname="com.qa.test.webapplication.tests.CitrixResetPasswordURLTest">
    <skipped/>
  </testcase> <!-- testCitrixResetPasswordLink -->
</testsuite> <!-- com.qa.test.webapplication.tests.CitrixResetPasswordURLTest -->
